<?xml version="1.0" encoding="UTF-8" ?>
<testsuite failures="0" time="0.246" errors="0" skipped="0" tests="7" name="TestSuite">
  <properties>
    <property name="java.runtime.name" value="Java(TM) SE Runtime Environment"/>
    <property name="sun.boot.library.path" value="D:\Language\Java\JDK7_9\jre\bin"/>
    <property name="java.vm.version" value="23.5-b02"/>
    <property name="java.vm.vendor" value="Oracle Corporation"/>
    <property name="java.vendor.url" value="http://java.oracle.com/"/>
    <property name="path.separator" value=";"/>
    <property name="guice.disable.misplaced.annotation.check" value="true"/>
    <property name="java.vm.name" value="Java HotSpot(TM) Client VM"/>
    <property name="file.encoding.pkg" value="sun.io"/>
    <property name="user.script" value=""/>
    <property name="user.country" value="RU"/>
    <property name="sun.java.launcher" value="SUN_STANDARD"/>
    <property name="sun.os.patch.level" value="Service Pack 1"/>
    <property name="java.vm.specification.name" value="Java Virtual Machine Specification"/>
    <property name="user.dir" value="D:\Language\Workspace\led-strip-pie"/>
    <property name="java.runtime.version" value="1.7.0_09-b05"/>
    <property name="java.awt.graphicsenv" value="sun.awt.Win32GraphicsEnvironment"/>
    <property name="java.endorsed.dirs" value="D:\Language\Java\JDK7_9\jre\lib\endorsed"/>
    <property name="os.arch" value="x86"/>
    <property name="java.io.tmpdir" value="C:\Users\Archie\AppData\Local\Temp\"/>
    <property name="line.separator" value="
"/>
    <property name="java.vm.specification.vendor" value="Oracle Corporation"/>
    <property name="user.variant" value=""/>
    <property name="os.name" value="Windows 7"/>
    <property name="classworlds.conf" value="D:\Language\Workspace\.metadata\.plugins\org.eclipse.m2e.launching\launches\m2conf6572793778198746152.tmp"/>
    <property name="sun.jnu.encoding" value="Cp1251"/>
    <property name="java.library.path" value="D:\Language\Java\JDK7_9\bin;C:\Windows\Sun\Java\bin;C:\Windows\system32;C:\Windows;C:/Program Files/Java/jre7/bin/client;C:/Program Files/Java/jre7/bin;C:/Program Files/Java/jre7/lib/i386;d:\language\builder\visi\bin;D:\Language\Builder\Bin;D:\Language\Builder\Projects\Bpl;C:\Program Files\NVIDIA Corporation\PhysX\Common;C:\Program Files\Common Files\Microsoft Shared\Windows Live;C:\Windows\system32;C:\Windows;C:\Windows\System32\Wbem;C:\Windows\System32\WindowsPowerShell\v1.0\;D:\Language\TSVN\bin;D:\Language\CMake 2.8\bin;C:\Program Files\Common Files\Autodesk Shared\;D:\Language\Java\apache-maven-2.2.1\bin;C:\Program Files\Intel\OpenCL SDK\3.0\bin\x86;C:\Program Files\Common Files\Microsoft Shared\Windows Live;D:\Language\Java\lib\opencv\build\common\tbb\ia32\vc10\;D:\Language\Java\lib\opencv\build\x86\vc10\bin\;D:\Language\eclipse_kepler;;."/>
    <property name="java.specification.name" value="Java Platform API Specification"/>
    <property name="java.class.version" value="51.0"/>
    <property name="sun.management.compiler" value="HotSpot Client Compiler"/>
    <property name="os.version" value="6.1"/>
    <property name="user.home" value="C:\Users\Archie"/>
    <property name="user.timezone" value="Europe/Helsinki"/>
    <property name="java.awt.printerjob" value="sun.awt.windows.WPrinterJob"/>
    <property name="java.specification.version" value="1.7"/>
    <property name="file.encoding" value="Cp1251"/>
    <property name="user.name" value="Archie"/>
    <property name="java.class.path" value="/D:/Language/eclipse_kepler/configuration/org.eclipse.osgi/bundles/531/1/.cp/jars/plexus-classworlds-2.4.jar"/>
    <property name="java.vm.specification.version" value="1.7"/>
    <property name="sun.arch.data.model" value="32"/>
    <property name="java.home" value="D:\Language\Java\JDK7_9\jre"/>
    <property name="sun.java.command" value="org.codehaus.plexus.classworlds.launcher.Launcher -B install"/>
    <property name="java.specification.vendor" value="Oracle Corporation"/>
    <property name="user.language" value="ru"/>
    <property name="awt.toolkit" value="sun.awt.windows.WToolkit"/>
    <property name="java.vm.info" value="mixed mode, sharing"/>
    <property name="java.version" value="1.7.0_09"/>
    <property name="java.ext.dirs" value="D:\Language\Java\JDK7_9\jre\lib\ext;C:\Windows\Sun\Java\lib\ext"/>
    <property name="sun.boot.class.path" value="D:\Language\Java\JDK7_9\jre\lib\resources.jar;D:\Language\Java\JDK7_9\jre\lib\rt.jar;D:\Language\Java\JDK7_9\jre\lib\sunrsasign.jar;D:\Language\Java\JDK7_9\jre\lib\jsse.jar;D:\Language\Java\JDK7_9\jre\lib\jce.jar;D:\Language\Java\JDK7_9\jre\lib\charsets.jar;D:\Language\Java\JDK7_9\jre\lib\jfr.jar;D:\Language\Java\JDK7_9\jre\classes"/>
    <property name="java.vendor" value="Oracle Corporation"/>
    <property name="maven.home" value="D:\Language\Workspace\led-strip-pie\EMBEDDED"/>
    <property name="file.separator" value="\"/>
    <property name="java.vendor.url.bug" value="http://bugreport.sun.com/bugreport/"/>
    <property name="maven.bootclasspath" value="/D:/Language/eclipse_kepler/configuration/org.eclipse.osgi/bundles/531/1/.cp/jars/plexus-classworlds-2.4.jar"/>
    <property name="sun.cpu.endian" value="little"/>
    <property name="sun.io.unicode.encoding" value="UnicodeLittle"/>
    <property name="sun.desktop" value="windows"/>
    <property name="sun.cpu.isalist" value="pentium_pro+mmx pentium_pro pentium+mmx pentium i486 i386 i86"/>
  </properties>
  <testcase time="0.01" classname="com.ryabokon.pie.PixelTest" name="testBlackPixelColor"/>
  <testcase time="0" classname="com.ryabokon.pie.PixelTest" name="testPinkPixelColor"/>
  <testcase time="0" classname="com.ryabokon.pie.PixelTest" name="testPinkPixelFromRGB"/>
  <testcase time="0" classname="com.ryabokon.pie.PixelTest" name="testPixelAsArray"/>
  <testcase time="0" classname="com.ryabokon.pie.PixelTest" name="testWrongRGBRangePixel"/>
  <testcase time="0.01" classname="com.ryabokon.pie.StripTest" name="testBlueStrip"/>
  <testcase time="0" classname="com.ryabokon.pie.StripTest" name="testUncompleteStrip"/>
</testsuite>