<?xml version="1.0" encoding="UTF-8"?>
<!-- Generated by org.testng.reporters.JUnitReportReporter -->
<testsuite hostname="GIGASTORM" name="com.ryabokon.pie.PixelTest" tests="5" failures="0" timestamp="1 Feb 2014 19:15:23 GMT" time="0.002" errors="0">
  <testcase name="testPixelAsArray" time="0.000" classname="com.ryabokon.pie.PixelTest"/>
  <testcase name="testBlackPixelColor" time="0.002" classname="com.ryabokon.pie.PixelTest"/>
  <testcase name="testPinkPixelFromRGB" time="0.000" classname="com.ryabokon.pie.PixelTest"/>
  <testcase name="testWrongRGBRangePixel" time="0.000" classname="com.ryabokon.pie.PixelTest"/>
  <testcase name="testPinkPixelColor" time="0.000" classname="com.ryabokon.pie.PixelTest"/>
</testsuite> <!-- com.ryabokon.pie.PixelTest -->
