<?xml version="1.0" encoding="UTF-8"?>
<!-- Generated by org.testng.reporters.JUnitReportReporter -->
<testsuite hostname="GIGASTORM" name="com.ryabokon.pie.ColorPixelTest" tests="4" failures="0" timestamp="1 Feb 2014 20:47:05 GMT" time="0.011" errors="0">
  <testcase name="testPinkPixelColor" time="0.000" classname="com.ryabokon.pie.ColorPixelTest"/>
  <testcase name="testBlackPixelColor" time="0.011" classname="com.ryabokon.pie.ColorPixelTest"/>
  <testcase name="testPixelAsArray" time="0.000" classname="com.ryabokon.pie.ColorPixelTest"/>
  <testcase name="testPinkPixelFromRGB" time="0.000" classname="com.ryabokon.pie.ColorPixelTest"/>
</testsuite> <!-- com.ryabokon.pie.ColorPixelTest -->
