<?xml version="1.0" encoding="UTF-8"?>
<!-- Generated by org.testng.reporters.JUnitReportReporter -->
<testsuite hostname="GIGASTORM" name="com.ryabokon.pie.StripTest" tests="2" failures="0" timestamp="1 Feb 2014 19:15:51 GMT" time="0.010" errors="0">
  <testcase name="testBlueStrip" time="0.010" classname="com.ryabokon.pie.StripTest"/>
  <testcase name="testUncompleteStrip" time="0.000" classname="com.ryabokon.pie.StripTest"/>
</testsuite> <!-- com.ryabokon.pie.StripTest -->
